#
# There is insufficient memory for the Java Runtime Environment to continue.
# Native memory allocation (malloc) failed to allocate 1249792 bytes for Chunk::new
# Possible reasons:
#   The system is out of physical RAM or swap space
#   The process is running with CompressedOops enabled, and the Java Heap may be blocking the growth of the native heap
# Possible solutions:
#   Reduce memory load on the system
#   Increase physical memory or swap space
#   Check if swap backing store is full
#   Decrease Java heap size (-Xmx/-Xms)
#   Decrease number of Java threads
#   Decrease Java thread stack sizes (-Xss)
#   Set larger code cache with -XX:ReservedCodeCacheSize=
#   JVM is running with Unscaled Compressed Oops mode in which the Java heap is
#     placed in the first 4GB address space. The Java Heap base address is the
#     maximum limit for the native heap growth. Please use -XX:HeapBaseMinAddress
#     to set the Java Heap base and to place the Java Heap above 4GB virtual address.
# This output file may be truncated or incomplete.
#
#  Out of Memory Error (arena.cpp:189), pid=47960, tid=5592
#
# JRE version: OpenJDK Runtime Environment Temurin-17.0.7+7 (17.0.7+7) (build 17.0.7+7)
# Java VM: OpenJDK 64-Bit Server VM Temurin-17.0.7+7 (17.0.7+7, mixed mode, tiered, compressed oops, compressed class ptrs, g1 gc, windows-amd64)
# No core dump will be written. Minidumps are not enabled by default on client versions of Windows
#

---------------  S U M M A R Y ------------

Command Line: -XX:+ShowCodeDetailsInExceptionMessages com.yosephco.schoolapp.SchoolappApplication

Host: Intel(R) Core(TM) i3-1005G1 CPU @ 1.20GHz, 4 cores, 7G,  Windows 11 , 64 bit Build 22000 (10.0.22000.1880)
Time: Wed Jul 19 22:26:59 2023 Eastern Daylight Time elapsed time: 21588.028335 seconds (0d 5h 59m 48s)

---------------  T H R E A D  ---------------

Current thread (0x000001dcc100abe0):  JavaThread "C2 CompilerThread0" daemon [_thread_in_native, id=5592, stack(0x00000027e1300000,0x00000027e1400000)]


Current CompileTask:
C2:21588028 15133       4       org.springframework.web.servlet.handler.AbstractHandlerMapping::getHandler (221 bytes)

Stack: [0x00000027e1300000,0x00000027e1400000]
Native frames: (J=compiled Java code, j=interpreted, Vv=VM code, C=native code)
V  [jvm.dll+0x67754a]
V  [jvm.dll+0x834304]
V  [jvm.dll+0x835aae]
V  [jvm.dll+0x836113]
V  [jvm.dll+0x24696f]
V  [jvm.dll+0xac0ac]
V  [jvm.dll+0xac67c]
V  [jvm.dll+0x364e37]
V  [jvm.dll+0x1bcde8]
V  [jvm.dll+0x219799]
V  [jvm.dll+0x218a61]
V  [jvm.dll+0x1a4d8d]
V  [jvm.dll+0x2284da]
V  [jvm.dll+0x226615]
V  [jvm.dll+0x7ea90b]
V  [jvm.dll+0x7e4e7a]
V  [jvm.dll+0x676395]
C  [ucrtbase.dll+0x26c0c]
C  [KERNEL32.DLL+0x155a0]
C  [ntdll.dll+0x485b]


---------------  P R O C E S S  ---------------

Threads class SMR info:
_java_thread_list=0x000001dcc266a970, length=31, elements={
0x000001dcbcb0f380, 0x000001dcbcb0fc40, 0x000001dcc10085b0, 0x000001dcc1008e70,
0x000001dcc1009730, 0x000001dcc1009ff0, 0x000001dcc100abe0, 0x000001dcc100f5b0,
0x000001dcbcb4a7b0, 0x000001dcc117df80, 0x000001dcc11b0510, 0x000001dcc2fb8a60,
0x000001dcc2fb7250, 0x000001dcc2fbac10, 0x000001dcc2fb7720, 0x000001dcc2fb7bf0,
0x000001dcc2fb8f30, 0x000001dcc2fb9400, 0x000001dcc2fb98d0, 0x000001dcc2fba270,
0x000001dcc4f573e0, 0x000001dcc4f56a40, 0x000001dcc4f55230, 0x000001dcc4f56570,
0x000001dcc4f54d60, 0x000001dcc4f55700, 0x000001dcc4f57d80, 0x000001dcc4f56f10,
0x000001dcc4f578b0, 0x000001dcc4f58250, 0x000001dcc4f55bd0
}

Java Threads: ( => current thread )
  0x000001dcbcb0f380 JavaThread "Reference Handler" daemon [_thread_blocked, id=38704, stack(0x00000027e0d00000,0x00000027e0e00000)]
  0x000001dcbcb0fc40 JavaThread "Finalizer" daemon [_thread_blocked, id=45504, stack(0x00000027e0e00000,0x00000027e0f00000)]
  0x000001dcc10085b0 JavaThread "Signal Dispatcher" daemon [_thread_blocked, id=45340, stack(0x00000027e0f00000,0x00000027e1000000)]
  0x000001dcc1008e70 JavaThread "Attach Listener" daemon [_thread_blocked, id=5588, stack(0x00000027e1000000,0x00000027e1100000)]
  0x000001dcc1009730 JavaThread "Service Thread" daemon [_thread_blocked, id=44848, stack(0x00000027e1100000,0x00000027e1200000)]
  0x000001dcc1009ff0 JavaThread "Monitor Deflation Thread" daemon [_thread_blocked, id=19440, stack(0x00000027e1200000,0x00000027e1300000)]
=>0x000001dcc100abe0 JavaThread "C2 CompilerThread0" daemon [_thread_in_native, id=5592, stack(0x00000027e1300000,0x00000027e1400000)]
  0x000001dcc100f5b0 JavaThread "C1 CompilerThread0" daemon [_thread_blocked, id=2468, stack(0x00000027e1400000,0x00000027e1500000)]
  0x000001dcbcb4a7b0 JavaThread "Sweeper thread" daemon [_thread_blocked, id=48448, stack(0x00000027e1500000,0x00000027e1600000)]
  0x000001dcc117df80 JavaThread "Notification Thread" daemon [_thread_blocked, id=8040, stack(0x00000027e1600000,0x00000027e1700000)]
  0x000001dcc11b0510 JavaThread "Common-Cleaner" daemon [_thread_blocked, id=396, stack(0x00000027e1800000,0x00000027e1900000)]
  0x000001dcc2fb8a60 JavaThread "Catalina-utility-1" [_thread_blocked, id=15244, stack(0x00000027e2100000,0x00000027e2200000)]
  0x000001dcc2fb7250 JavaThread "Catalina-utility-2" [_thread_blocked, id=9772, stack(0x00000027e2200000,0x00000027e2300000)]
  0x000001dcc2fbac10 JavaThread "container-0" [_thread_blocked, id=47276, stack(0x00000027e2300000,0x00000027e2400000)]
  0x000001dcc2fb7720 JavaThread "mysql-cj-abandoned-connection-cleanup" daemon [_thread_blocked, id=5672, stack(0x00000027e2400000,0x00000027e2500000)]
  0x000001dcc2fb7bf0 JavaThread "HikariPool-1 housekeeper" daemon [_thread_blocked, id=48800, stack(0x00000027e2600000,0x00000027e2700000)]
  0x000001dcc2fb8f30 JavaThread "File Watcher" daemon [_thread_blocked, id=44444, stack(0x00000027e2700000,0x00000027e2800000)]
  0x000001dcc2fb9400 JavaThread "Live Reload Server" daemon [_thread_in_native, id=34900, stack(0x00000027e2900000,0x00000027e2a00000)]
  0x000001dcc2fb98d0 JavaThread "http-nio-8080-exec-1" daemon [_thread_in_native, id=44256, stack(0x00000027e2800000,0x00000027e2900000)]
  0x000001dcc2fba270 JavaThread "http-nio-8080-exec-2" daemon [_thread_blocked, id=46100, stack(0x00000027e2a00000,0x00000027e2b00000)]
  0x000001dcc4f573e0 JavaThread "http-nio-8080-exec-3" daemon [_thread_blocked, id=42880, stack(0x00000027e2b00000,0x00000027e2c00000)]
  0x000001dcc4f56a40 JavaThread "http-nio-8080-exec-4" daemon [_thread_blocked, id=34948, stack(0x00000027e2c00000,0x00000027e2d00000)]
  0x000001dcc4f55230 JavaThread "http-nio-8080-exec-5" daemon [_thread_in_Java, id=43676, stack(0x00000027e2d00000,0x00000027e2e00000)]
  0x000001dcc4f56570 JavaThread "http-nio-8080-exec-6" daemon [_thread_blocked, id=13276, stack(0x00000027e2e00000,0x00000027e2f00000)]
  0x000001dcc4f54d60 JavaThread "http-nio-8080-exec-7" daemon [_thread_blocked, id=18812, stack(0x00000027e2f00000,0x00000027e3000000)]
  0x000001dcc4f55700 JavaThread "http-nio-8080-exec-8" daemon [_thread_in_native, id=15616, stack(0x00000027e3000000,0x00000027e3100000)]
  0x000001dcc4f57d80 JavaThread "http-nio-8080-exec-9" daemon [_thread_blocked, id=36940, stack(0x00000027e3100000,0x00000027e3200000)]
  0x000001dcc4f56f10 JavaThread "http-nio-8080-exec-10" daemon [_thread_blocked, id=48208, stack(0x00000027e3200000,0x00000027e3300000)]
  0x000001dcc4f578b0 JavaThread "http-nio-8080-Poller" daemon [_thread_in_native, id=44336, stack(0x00000027e3300000,0x00000027e3400000)]
  0x000001dcc4f58250 JavaThread "http-nio-8080-Acceptor" daemon [_thread_in_native, id=41016, stack(0x00000027e3400000,0x00000027e3500000)]
  0x000001dcc4f55bd0 JavaThread "DestroyJavaVM" [_thread_blocked, id=47584, stack(0x00000027e0600000,0x00000027e0700000)]

Other Threads:
  0x000001dcbcafaaa0 VMThread "VM Thread" [stack: 0x00000027e0c00000,0x00000027e0d00000] [id=46092]
  0x000001dcc119e870 WatcherThread [stack: 0x00000027e1700000,0x00000027e1800000] [id=16572]
  0x000001dca40538f0 GCTaskThread "GC Thread#0" [stack: 0x00000027e0700000,0x00000027e0800000] [id=16100]
  0x000001dcc19dcd20 GCTaskThread "GC Thread#1" [stack: 0x00000027e1a00000,0x00000027e1b00000] [id=13364]
  0x000001dcc1b98d30 GCTaskThread "GC Thread#2" [stack: 0x00000027e1b00000,0x00000027e1c00000] [id=23736]
  0x000001dcc1caf160 GCTaskThread "GC Thread#3" [stack: 0x00000027e1c00000,0x00000027e1d00000] [id=42736]
  0x000001dca4063f40 ConcurrentGCThread "G1 Main Marker" [stack: 0x00000027e0800000,0x00000027e0900000] [id=16888]
  0x000001dca4064860 ConcurrentGCThread "G1 Conc#0" [stack: 0x00000027e0900000,0x00000027e0a00000] [id=46568]
  0x000001dcbc960090 ConcurrentGCThread "G1 Refine#0" [stack: 0x00000027e0a00000,0x00000027e0b00000] [id=35496]
  0x000001dcc2327bd0 ConcurrentGCThread "G1 Refine#1" [stack: 0x00000027e1900000,0x00000027e1a00000] [id=6176]
  0x000001dca40be010 ConcurrentGCThread "G1 Service" [stack: 0x00000027e0b00000,0x00000027e0c00000] [id=46968]

Threads with active compile tasks:
C2 CompilerThread0  21588072 15133       4       org.springframework.web.servlet.handler.AbstractHandlerMapping::getHandler (221 bytes)

VM state: not at safepoint (normal execution)

VM Mutex/Monitor currently owned by a thread: None

Heap address: 0x0000000084000000, size: 1984 MB, Compressed Oops mode: 32-bit

CDS archive(s) not mapped
Compressed class space mapped at: 0x0000000100000000-0x0000000140000000, reserved size: 1073741824
Narrow klass base: 0x0000000000000000, Narrow klass shift: 3, Narrow klass range: 0x140000000

GC Precious Log:
 CPUs: 4 total, 4 available
 Memory: 7934M
 Large Page Support: Disabled
 NUMA Support: Disabled
 Compressed Oops: Enabled (32-bit)
 Heap Region Size: 1M
 Heap Min Capacity: 8M
 Heap Initial Capacity: 124M
 Heap Max Capacity: 1984M
 Pre-touch: Disabled
 Parallel Workers: 4
 Concurrent Workers: 1
 Concurrent Refinement Workers: 4
 Periodic GC: Disabled

Heap:
 garbage-first heap   total 64512K, used 32213K [0x0000000084000000, 0x0000000100000000)
  region size 1024K, 5 young (5120K), 1 survivors (1024K)
 Metaspace       used 81348K, committed 81920K, reserved 1179648K
  class space    used 10091K, committed 10368K, reserved 1048576K

Heap Regions: E=young(eden), S=young(survivor), O=old, HS=humongous(starts), HC=humongous(continues), CS=collection set, F=free, OA=open archive, CA=closed archive, TAMS=top-at-mark-start (previous, next)
|   0|0x0000000084000000, 0x0000000084100000, 0x0000000084100000|100%|HS|  |TAMS 0x0000000084100000, 0x0000000084000000| Complete 
|   1|0x0000000084100000, 0x0000000084200000, 0x0000000084200000|100%| O|  |TAMS 0x0000000084200000, 0x0000000084100000| Untracked 
|   2|0x0000000084200000, 0x0000000084300000, 0x0000000084300000|100%| O|  |TAMS 0x0000000084300000, 0x0000000084200000| Untracked 
|   3|0x0000000084300000, 0x0000000084400000, 0x0000000084400000|100%| O|  |TAMS 0x0000000084400000, 0x0000000084300000| Untracked 
|   4|0x0000000084400000, 0x0000000084500000, 0x0000000084500000|100%| O|  |TAMS 0x0000000084500000, 0x0000000084400000| Untracked 
|   5|0x0000000084500000, 0x0000000084600000, 0x0000000084600000|100%| O|  |TAMS 0x0000000084600000, 0x0000000084500000| Untracked 
|   6|0x0000000084600000, 0x0000000084700000, 0x0000000084700000|100%| O|  |TAMS 0x0000000084700000, 0x0000000084600000| Untracked 
|   7|0x0000000084700000, 0x0000000084800000, 0x0000000084800000|100%| O|  |TAMS 0x0000000084800000, 0x0000000084700000| Untracked 
|   8|0x0000000084800000, 0x0000000084900000, 0x0000000084900000|100%| O|  |TAMS 0x0000000084900000, 0x0000000084800000| Untracked 
|   9|0x0000000084900000, 0x0000000084a00000, 0x0000000084a00000|100%| O|  |TAMS 0x0000000084a00000, 0x0000000084900000| Untracked 
|  10|0x0000000084a00000, 0x0000000084a43000, 0x0000000084b00000| 26%| O|  |TAMS 0x0000000084a3f400, 0x0000000084a00000| Untracked 
|  11|0x0000000084b00000, 0x0000000084c00000, 0x0000000084c00000|100%| O|  |TAMS 0x0000000084c00000, 0x0000000084b00000| Untracked 
|  12|0x0000000084c00000, 0x0000000084d00000, 0x0000000084d00000|100%| O|  |TAMS 0x0000000084d00000, 0x0000000084c00000| Untracked 
|  13|0x0000000084d00000, 0x0000000084e00000, 0x0000000084e00000|100%| O|  |TAMS 0x0000000084e00000, 0x0000000084d00000| Untracked 
|  14|0x0000000084e00000, 0x0000000084f00000, 0x0000000084f00000|100%| O|  |TAMS 0x0000000084f00000, 0x0000000084e00000| Untracked 
|  15|0x0000000084f00000, 0x0000000084f00000, 0x0000000085000000|  0%| F|  |TAMS 0x0000000084f00000, 0x0000000084f00000| Untracked 
|  16|0x0000000085000000, 0x0000000085100000, 0x0000000085100000|100%| O|  |TAMS 0x0000000085100000, 0x0000000085000000| Untracked 
|  17|0x0000000085100000, 0x0000000085200000, 0x0000000085200000|100%| O|  |TAMS 0x0000000085200000, 0x0000000085100000| Untracked 
|  18|0x0000000085200000, 0x0000000085300000, 0x0000000085300000|100%| O|  |TAMS 0x0000000085300000, 0x0000000085200000| Untracked 
|  19|0x0000000085300000, 0x0000000085400000, 0x0000000085400000|100%| O|  |TAMS 0x0000000085400000, 0x0000000085300000| Untracked 
|  20|0x0000000085400000, 0x0000000085500000, 0x0000000085500000|100%| O|  |TAMS 0x0000000085500000, 0x0000000085400000| Untracked 
|  21|0x0000000085500000, 0x0000000085600000, 0x0000000085600000|100%| O|  |TAMS 0x0000000085600000, 0x0000000085500000| Untracked 
|  22|0x0000000085600000, 0x0000000085700000, 0x0000000085700000|100%| O|  |TAMS 0x0000000085700000, 0x0000000085600000| Untracked 
|  23|0x0000000085700000, 0x0000000085800000, 0x0000000085800000|100%| O|  |TAMS 0x0000000085800000, 0x0000000085700000| Untracked 
|  24|0x0000000085800000, 0x0000000085900000, 0x0000000085900000|100%| O|  |TAMS 0x0000000085900000, 0x0000000085800000| Untracked 
|  25|0x0000000085900000, 0x0000000085a00000, 0x0000000085a00000|100%| O|  |TAMS 0x0000000085a00000, 0x0000000085900000| Untracked 
|  26|0x0000000085a00000, 0x0000000085b00000, 0x0000000085b00000|100%| O|  |TAMS 0x0000000085b00000, 0x0000000085a00000| Untracked 
|  27|0x0000000085b00000, 0x0000000085b00000, 0x0000000085c00000|  0%| F|  |TAMS 0x0000000085b00000, 0x0000000085b00000| Untracked 
|  28|0x0000000085c00000, 0x0000000085c00000, 0x0000000085d00000|  0%| F|  |TAMS 0x0000000085c00000, 0x0000000085c00000| Untracked 
|  29|0x0000000085d00000, 0x0000000085d00000, 0x0000000085e00000|  0%| F|  |TAMS 0x0000000085d00000, 0x0000000085d00000| Untracked 
|  30|0x0000000085e00000, 0x0000000085f00000, 0x0000000085f00000|100%| O|  |TAMS 0x0000000085f00000, 0x0000000085e00000| Untracked 
|  31|0x0000000085f00000, 0x0000000086000000, 0x0000000086000000|100%| O|  |TAMS 0x0000000086000000, 0x0000000085f00000| Untracked 
|  32|0x0000000086000000, 0x0000000086000000, 0x0000000086100000|  0%| F|  |TAMS 0x0000000086000000, 0x0000000086000000| Untracked 
|  33|0x0000000086100000, 0x0000000086200000, 0x0000000086200000|100%| O|  |TAMS 0x0000000086200000, 0x0000000086100000| Untracked 
|  34|0x0000000086200000, 0x0000000086200000, 0x0000000086300000|  0%| F|  |TAMS 0x0000000086200000, 0x0000000086200000| Untracked 
|  35|0x0000000086300000, 0x0000000086300000, 0x0000000086400000|  0%| F|  |TAMS 0x0000000086300000, 0x0000000086300000| Untracked 
|  36|0x0000000086400000, 0x0000000086400000, 0x0000000086500000|  0%| F|  |TAMS 0x0000000086400000, 0x0000000086400000| Untracked 
|  37|0x0000000086500000, 0x0000000086532418, 0x0000000086600000| 19%| S|CS|TAMS 0x0000000086500000, 0x0000000086500000| Complete 
|  38|0x0000000086600000, 0x0000000086600000, 0x0000000086700000|  0%| F|  |TAMS 0x0000000086600000, 0x0000000086600000| Untracked 
|  39|0x0000000086700000, 0x0000000086700000, 0x0000000086800000|  0%| F|  |TAMS 0x0000000086700000, 0x0000000086700000| Untracked 
|  40|0x0000000086800000, 0x0000000086800000, 0x0000000086900000|  0%| F|  |TAMS 0x0000000086800000, 0x0000000086800000| Untracked 
|  41|0x0000000086900000, 0x0000000086900000, 0x0000000086a00000|  0%| F|  |TAMS 0x0000000086900000, 0x0000000086900000| Untracked 
|  42|0x0000000086a00000, 0x0000000086a00000, 0x0000000086b00000|  0%| F|  |TAMS 0x0000000086a00000, 0x0000000086a00000| Untracked 
|  43|0x0000000086b00000, 0x0000000086b00000, 0x0000000086c00000|  0%| F|  |TAMS 0x0000000086b00000, 0x0000000086b00000| Untracked 
|  44|0x0000000086c00000, 0x0000000086c00000, 0x0000000086d00000|  0%| F|  |TAMS 0x0000000086c00000, 0x0000000086c00000| Untracked 
|  45|0x0000000086d00000, 0x0000000086d00000, 0x0000000086e00000|  0%| F|  |TAMS 0x0000000086d00000, 0x0000000086d00000| Untracked 
|  46|0x0000000086e00000, 0x0000000086e00000, 0x0000000086f00000|  0%| F|  |TAMS 0x0000000086e00000, 0x0000000086e00000| Untracked 
|  47|0x0000000086f00000, 0x0000000086f00000, 0x0000000087000000|  0%| F|  |TAMS 0x0000000086f00000, 0x0000000086f00000| Untracked 
|  48|0x0000000087000000, 0x0000000087000000, 0x0000000087100000|  0%| F|  |TAMS 0x0000000087000000, 0x0000000087000000| Untracked 
|  49|0x0000000087100000, 0x0000000087100000, 0x0000000087200000|  0%| F|  |TAMS 0x0000000087100000, 0x0000000087100000| Untracked 
|  50|0x0000000087200000, 0x0000000087200000, 0x0000000087300000|  0%| F|  |TAMS 0x0000000087200000, 0x0000000087200000| Untracked 
|  51|0x0000000087300000, 0x0000000087300000, 0x0000000087400000|  0%| F|  |TAMS 0x0000000087300000, 0x0000000087300000| Untracked 
|  52|0x0000000087400000, 0x0000000087400000, 0x0000000087500000|  0%| F|  |TAMS 0x0000000087400000, 0x0000000087400000| Untracked 
|  53|0x0000000087500000, 0x0000000087500000, 0x0000000087600000|  0%| F|  |TAMS 0x0000000087500000, 0x0000000087500000| Untracked 
|  54|0x0000000087600000, 0x0000000087600000, 0x0000000087700000|  0%| F|  |TAMS 0x0000000087600000, 0x0000000087600000| Untracked 
|  55|0x0000000087700000, 0x0000000087700000, 0x0000000087800000|  0%| F|  |TAMS 0x0000000087700000, 0x0000000087700000| Untracked 
|  56|0x0000000087800000, 0x0000000087800000, 0x0000000087900000|  0%| F|  |TAMS 0x0000000087800000, 0x0000000087800000| Untracked 
|  57|0x0000000087900000, 0x0000000087900000, 0x0000000087a00000|  0%| F|  |TAMS 0x0000000087900000, 0x0000000087900000| Untracked 
| 114|0x000000008b200000, 0x000000008b200000, 0x000000008b300000|  0%| F|  |TAMS 0x000000008b200000, 0x000000008b200000| Untracked 
| 115|0x000000008b300000, 0x000000008b353618, 0x000000008b400000| 32%| E|  |TAMS 0x000000008b300000, 0x000000008b300000| Complete 
| 116|0x000000008b400000, 0x000000008b500000, 0x000000008b500000|100%| E|CS|TAMS 0x000000008b400000, 0x000000008b400000| Complete 
| 117|0x000000008b500000, 0x000000008b600000, 0x000000008b600000|100%| E|CS|TAMS 0x000000008b500000, 0x000000008b500000| Complete 
| 123|0x000000008bb00000, 0x000000008bc00000, 0x000000008bc00000|100%| E|CS|TAMS 0x000000008bb00000, 0x000000008bb00000| Complete 

Card table byte_map: [0x000001dcb6060000,0x000001dcb6440000] _byte_map_base: 0x000001dcb5c40000

Marking Bits (Prev, Next): (CMBitMap*) 0x000001dca4053e10, (CMBitMap*) 0x000001dca4053e50
 Prev Bits: [0x000001dcb6820000, 0x000001dcb8720000)
 Next Bits: [0x000001dcb8720000, 0x000001dcba620000)

Polling page: 0x000001dca1f50000

Metaspace:

Usage:
  Non-class:     69.59 MB used.
      Class:      9.85 MB used.
       Both:     79.44 MB used.

Virtual space:
  Non-class space:      128.00 MB reserved,      69.88 MB ( 55%) committed,  2 nodes.
      Class space:        1.00 GB reserved,      10.12 MB ( <1%) committed,  1 nodes.
             Both:        1.12 GB reserved,      80.00 MB (  7%) committed. 

Chunk freelists:
   Non-Class:  9.94 MB
       Class:  5.85 MB
        Both:  15.79 MB

MaxMetaspaceSize: unlimited
CompressedClassSpaceSize: 1.00 GB
Initial GC threshold: 21.00 MB
Current GC threshold: 133.25 MB
CDS: off
MetaspaceReclaimPolicy: balanced
 - commit_granule_bytes: 65536.
 - commit_granule_words: 8192.
 - virtual_space_node_default_size: 8388608.
 - enlarge_chunks_in_place: 1.
 - new_chunks_are_fully_committed: 0.
 - uncommit_free_chunks: 1.
 - use_allocation_guard: 0.
 - handle_deallocations: 1.


Internal statistics:

num_allocs_failed_limit: 6.
num_arena_births: 986.
num_arena_deaths: 238.
num_vsnodes_births: 3.
num_vsnodes_deaths: 0.
num_space_committed: 1280.
num_space_uncommitted: 0.
num_chunks_returned_to_freelist: 271.
num_chunks_taken_from_freelist: 3828.
num_chunk_merges: 89.
num_chunk_splits: 2567.
num_chunks_enlarged: 1903.
num_inconsistent_stats: 0.

CodeHeap 'non-profiled nmethods': size=120000Kb used=10507Kb max_used=10507Kb free=109492Kb
 bounds [0x000001dcae750000, 0x000001dcaf1a0000, 0x000001dcb5c80000]
CodeHeap 'profiled nmethods': size=120000Kb used=25792Kb max_used=25863Kb free=94207Kb
 bounds [0x000001dca6c80000, 0x000001dca85d0000, 0x000001dcae1b0000]
CodeHeap 'non-nmethods': size=5760Kb used=1372Kb max_used=1416Kb free=4387Kb
 bounds [0x000001dcae1b0000, 0x000001dcae420000, 0x000001dcae750000]
 total_blobs=13562 nmethods=12871 adapters=602
 compilation: enabled
              stopped_count=0, restarted_count=0
 full_count=0

Compilation events (20 events):
Event: 21586.130 Thread 0x000001dcc100abe0 nmethod 15123 0x000001dcaf17e890 code [0x000001dcaf17ea00, 0x000001dcaf17ebf8]
Event: 21586.212 Thread 0x000001dcc100abe0 15124       4       java.util.concurrent.CopyOnWriteArrayList::addIfAbsent (31 bytes)
Event: 21586.224 Thread 0x000001dcc100abe0 nmethod 15124 0x000001dcaf17ed10 code [0x000001dcaf17eec0, 0x000001dcaf17f8d8]
Event: 21586.511 Thread 0x000001dcc100abe0 15125       4       org.apache.catalina.connector.RequestFacade::getHeader (13 bytes)
Event: 21586.515 Thread 0x000001dcc100abe0 nmethod 15125 0x000001dcaf17fc90 code [0x000001dcaf17fe40, 0x000001dcaf180228]
Event: 21586.688 Thread 0x000001dcc100abe0 15126       4       java.util.regex.Pattern$Begin::match (62 bytes)
Event: 21586.691 Thread 0x000001dcc100abe0 nmethod 15126 0x000001dcaf180510 code [0x000001dcaf1806a0, 0x000001dcaf180918]
Event: 21587.145 Thread 0x000001dcc100abe0 15127       4       java.util.Locale::getUnicodeLocaleType (55 bytes)
Event: 21587.149 Thread 0x000001dcc100abe0 nmethod 15127 0x000001dcaf180c10 code [0x000001dcaf180da0, 0x000001dcaf180fd8]
Event: 21587.228 Thread 0x000001dcc100abe0 15128   !   4       com.mysql.cj.jdbc.StatementImpl::setResultSetConcurrency (60 bytes)
Event: 21587.282 Thread 0x000001dcc100abe0 nmethod 15128 0x000001dcaf181210 code [0x000001dcaf1814c0, 0x000001dcaf182fa0]
Event: 21587.282 Thread 0x000001dcc100abe0 15129   !   4       org.springframework.web.servlet.FrameworkServlet::processRequest (190 bytes)
Event: 21587.637 Thread 0x000001dcc100abe0 nmethod 15129 0x000001dcaf183a90 code [0x000001dcaf184260, 0x000001dcaf18c320]
Event: 21587.637 Thread 0x000001dcc100abe0 15130   !   4       jdk.proxy4.$Proxy105::createEntityManager (29 bytes)
Event: 21587.639 Thread 0x000001dcc100abe0 nmethod 15130 0x000001dcaf191190 code [0x000001dcaf191320, 0x000001dcaf191468]
Event: 21587.658 Thread 0x000001dcc100abe0 15131       4       org.hibernate.resource.transaction.backend.jdbc.internal.JdbcResourceLocalTransactionCoordinatorImpl::<init> (61 bytes)
Event: 21587.666 Thread 0x000001dcc100abe0 nmethod 15131 0x000001dcaf191610 code [0x000001dcaf1917c0, 0x000001dcaf191e58]
Event: 21587.696 Thread 0x000001dcc100abe0 15132       4       org.hibernate.internal.AbstractSharedSessionContract::createJdbcSessionContext (55 bytes)
Event: 21587.707 Thread 0x000001dcc100abe0 nmethod 15132 0x000001dcaf192090 code [0x000001dcaf192220, 0x000001dcaf192c38]
Event: 21587.716 Thread 0x000001dcc100abe0 15133       4       org.springframework.web.servlet.handler.AbstractHandlerMapping::getHandler (221 bytes)

GC Heap History (20 events):
Event: 21564.731 GC heap before
{Heap before GC invocations=156 (full 0):
 garbage-first heap   total 64512K, used 53780K [0x0000000084000000, 0x0000000100000000)
  region size 1024K, 26 young (26624K), 1 survivors (1024K)
 Metaspace       used 81332K, committed 81856K, reserved 1179648K
  class space    used 10088K, committed 10368K, reserved 1048576K
}
Event: 21564.733 GC heap after
{Heap after GC invocations=157 (full 0):
 garbage-first heap   total 64512K, used 29135K [0x0000000084000000, 0x0000000100000000)
  region size 1024K, 1 young (1024K), 1 survivors (1024K)
 Metaspace       used 81332K, committed 81856K, reserved 1179648K
  class space    used 10088K, committed 10368K, reserved 1048576K
}
Event: 21567.935 GC heap before
{Heap before GC invocations=158 (full 0):
 garbage-first heap   total 64512K, used 54735K [0x0000000084000000, 0x0000000100000000)
  region size 1024K, 26 young (26624K), 1 survivors (1024K)
 Metaspace       used 81332K, committed 81856K, reserved 1179648K
  class space    used 10088K, committed 10368K, reserved 1048576K
}
Event: 21567.937 GC heap after
{Heap after GC invocations=159 (full 0):
 garbage-first heap   total 64512K, used 29242K [0x0000000084000000, 0x0000000100000000)
  region size 1024K, 1 young (1024K), 1 survivors (1024K)
 Metaspace       used 81332K, committed 81856K, reserved 1179648K
  class space    used 10088K, committed 10368K, reserved 1048576K
}
Event: 21570.988 GC heap before
{Heap before GC invocations=159 (full 0):
 garbage-first heap   total 64512K, used 53818K [0x0000000084000000, 0x0000000100000000)
  region size 1024K, 26 young (26624K), 1 survivors (1024K)
 Metaspace       used 81333K, committed 81856K, reserved 1179648K
  class space    used 10088K, committed 10368K, reserved 1048576K
}
Event: 21570.990 GC heap after
{Heap after GC invocations=160 (full 0):
 garbage-first heap   total 64512K, used 29213K [0x0000000084000000, 0x0000000100000000)
  region size 1024K, 1 young (1024K), 1 survivors (1024K)
 Metaspace       used 81333K, committed 81856K, reserved 1179648K
  class space    used 10088K, committed 10368K, reserved 1048576K
}
Event: 21573.813 GC heap before
{Heap before GC invocations=161 (full 0):
 garbage-first heap   total 64512K, used 53789K [0x0000000084000000, 0x0000000100000000)
  region size 1024K, 26 young (26624K), 1 survivors (1024K)
 Metaspace       used 81338K, committed 81920K, reserved 1179648K
  class space    used 10089K, committed 10368K, reserved 1048576K
}
Event: 21573.815 GC heap after
{Heap after GC invocations=162 (full 0):
 garbage-first heap   total 64512K, used 29150K [0x0000000084000000, 0x0000000100000000)
  region size 1024K, 1 young (1024K), 1 survivors (1024K)
 Metaspace       used 81338K, committed 81920K, reserved 1179648K
  class space    used 10089K, committed 10368K, reserved 1048576K
}
Event: 21576.319 GC heap before
{Heap before GC invocations=162 (full 0):
 garbage-first heap   total 64512K, used 53726K [0x0000000084000000, 0x0000000100000000)
  region size 1024K, 26 young (26624K), 1 survivors (1024K)
 Metaspace       used 81339K, committed 81920K, reserved 1179648K
  class space    used 10089K, committed 10368K, reserved 1048576K
}
Event: 21576.321 GC heap after
{Heap after GC invocations=163 (full 0):
 garbage-first heap   total 64512K, used 29234K [0x0000000084000000, 0x0000000100000000)
  region size 1024K, 1 young (1024K), 1 survivors (1024K)
 Metaspace       used 81339K, committed 81920K, reserved 1179648K
  class space    used 10089K, committed 10368K, reserved 1048576K
}
Event: 21578.789 GC heap before
{Heap before GC invocations=164 (full 0):
 garbage-first heap   total 64512K, used 53810K [0x0000000084000000, 0x0000000100000000)
  region size 1024K, 26 young (26624K), 1 survivors (1024K)
 Metaspace       used 81339K, committed 81920K, reserved 1179648K
  class space    used 10089K, committed 10368K, reserved 1048576K
}
Event: 21578.791 GC heap after
{Heap after GC invocations=165 (full 0):
 garbage-first heap   total 64512K, used 29236K [0x0000000084000000, 0x0000000100000000)
  region size 1024K, 1 young (1024K), 1 survivors (1024K)
 Metaspace       used 81339K, committed 81920K, reserved 1179648K
  class space    used 10089K, committed 10368K, reserved 1048576K
}
Event: 21581.188 GC heap before
{Heap before GC invocations=165 (full 0):
 garbage-first heap   total 64512K, used 54836K [0x0000000084000000, 0x0000000100000000)
  region size 1024K, 26 young (26624K), 1 survivors (1024K)
 Metaspace       used 81339K, committed 81920K, reserved 1179648K
  class space    used 10089K, committed 10368K, reserved 1048576K
}
Event: 21581.189 GC heap after
{Heap after GC invocations=166 (full 0):
 garbage-first heap   total 64512K, used 29130K [0x0000000084000000, 0x0000000100000000)
  region size 1024K, 1 young (1024K), 1 survivors (1024K)
 Metaspace       used 81339K, committed 81920K, reserved 1179648K
  class space    used 10089K, committed 10368K, reserved 1048576K
}
Event: 21583.094 GC heap before
{Heap before GC invocations=167 (full 0):
 garbage-first heap   total 64512K, used 53706K [0x0000000084000000, 0x0000000100000000)
  region size 1024K, 26 young (26624K), 1 survivors (1024K)
 Metaspace       used 81339K, committed 81920K, reserved 1179648K
  class space    used 10089K, committed 10368K, reserved 1048576K
}
Event: 21583.096 GC heap after
{Heap after GC invocations=168 (full 0):
 garbage-first heap   total 64512K, used 29153K [0x0000000084000000, 0x0000000100000000)
  region size 1024K, 1 young (1024K), 1 survivors (1024K)
 Metaspace       used 81339K, committed 81920K, reserved 1179648K
  class space    used 10089K, committed 10368K, reserved 1048576K
}
Event: 21585.160 GC heap before
{Heap before GC invocations=168 (full 0):
 garbage-first heap   total 64512K, used 53729K [0x0000000084000000, 0x0000000100000000)
  region size 1024K, 26 young (26624K), 1 survivors (1024K)
 Metaspace       used 81348K, committed 81920K, reserved 1179648K
  class space    used 10091K, committed 10368K, reserved 1048576K
}
Event: 21585.162 GC heap after
{Heap after GC invocations=169 (full 0):
 garbage-first heap   total 64512K, used 29193K [0x0000000084000000, 0x0000000100000000)
  region size 1024K, 1 young (1024K), 1 survivors (1024K)
 Metaspace       used 81348K, committed 81920K, reserved 1179648K
  class space    used 10091K, committed 10368K, reserved 1048576K
}
Event: 21587.745 GC heap before
{Heap before GC invocations=170 (full 0):
 garbage-first heap   total 64512K, used 54793K [0x0000000084000000, 0x0000000100000000)
  region size 1024K, 26 young (26624K), 1 survivors (1024K)
 Metaspace       used 81348K, committed 81920K, reserved 1179648K
  class space    used 10091K, committed 10368K, reserved 1048576K
}
Event: 21587.746 GC heap after
{Heap after GC invocations=171 (full 0):
 garbage-first heap   total 64512K, used 29141K [0x0000000084000000, 0x0000000100000000)
  region size 1024K, 1 young (1024K), 1 survivors (1024K)
 Metaspace       used 81348K, committed 81920K, reserved 1179648K
  class space    used 10091K, committed 10368K, reserved 1048576K
}

Dll operation events (9 events):
Event: 0.008 Loaded shared library C:\Users\masre\.vscode\extensions\redhat.java-1.20.0-win32-x64\jre\17.0.7-win32-x86_64\bin\java.dll
Event: 0.206 Loaded shared library C:\Users\masre\.vscode\extensions\redhat.java-1.20.0-win32-x64\jre\17.0.7-win32-x86_64\bin\net.dll
Event: 0.208 Loaded shared library C:\Users\masre\.vscode\extensions\redhat.java-1.20.0-win32-x64\jre\17.0.7-win32-x86_64\bin\nio.dll
Event: 0.215 Loaded shared library C:\Users\masre\.vscode\extensions\redhat.java-1.20.0-win32-x64\jre\17.0.7-win32-x86_64\bin\zip.dll
Event: 0.386 Loaded shared library C:\Users\masre\.vscode\extensions\redhat.java-1.20.0-win32-x64\jre\17.0.7-win32-x86_64\bin\jimage.dll
Event: 0.858 Loaded shared library C:\Users\masre\.vscode\extensions\redhat.java-1.20.0-win32-x64\jre\17.0.7-win32-x86_64\bin\management.dll
Event: 0.865 Loaded shared library C:\Users\masre\.vscode\extensions\redhat.java-1.20.0-win32-x64\jre\17.0.7-win32-x86_64\bin\management_ext.dll
Event: 6.928 Loaded shared library C:\Users\masre\.vscode\extensions\redhat.java-1.20.0-win32-x64\jre\17.0.7-win32-x86_64\bin\sunmscapi.dll
Event: 8.342 Loaded shared library C:\Users\masre\.vscode\extensions\redhat.java-1.20.0-win32-x64\jre\17.0.7-win32-x86_64\bin\verify.dll

Deoptimization events (20 events):
Event: 21556.873 Thread 0x000001dcc4f57d80 DEOPT PACKING pc=0x000001dcaf0941f4 sp=0x00000027e31fcc90
Event: 21556.873 Thread 0x000001dcc4f57d80 DEOPT UNPACKING pc=0x000001dcae20a1a3 sp=0x00000027e31fcc28 mode 2
Event: 21559.465 Thread 0x000001dcc2fb98d0 DEOPT PACKING pc=0x000001dca8509590 sp=0x00000027e28fd040
Event: 21559.465 Thread 0x000001dcc2fb98d0 DEOPT UNPACKING pc=0x000001dcae20ace3 sp=0x00000027e28fc550 mode 0
Event: 21562.836 Thread 0x000001dcc4f56a40 DEOPT PACKING pc=0x000001dca7e5cc18 sp=0x00000027e2cfe7f0
Event: 21562.836 Thread 0x000001dcc4f56a40 DEOPT UNPACKING pc=0x000001dcae20ace3 sp=0x00000027e2cfdc10 mode 0
Event: 21564.143 Thread 0x000001dcc2fba270 Uncommon trap: trap_request=0xffffffcc fr.pc=0x000001dcaf0c3094 relative=0x0000000000000174
Event: 21564.143 Thread 0x000001dcc2fba270 Uncommon trap: reason=intrinsic_or_type_checked_inlining action=make_not_entrant pc=0x000001dcaf0c3094 method=java.util.concurrent.CopyOnWriteArrayList.toArray([Ljava/lang/Object;)[Ljava/lang/Object; @ 29 c2
Event: 21564.143 Thread 0x000001dcc2fba270 DEOPT PACKING pc=0x000001dcaf0c3094 sp=0x00000027e2afe0b0
Event: 21564.143 Thread 0x000001dcc2fba270 DEOPT UNPACKING pc=0x000001dcae20a1a3 sp=0x00000027e2afdfd0 mode 2
Event: 21572.463 Thread 0x000001dcc4f573e0 DEOPT PACKING pc=0x000001dca7c24850 sp=0x00000027e2bfe580
Event: 21572.463 Thread 0x000001dcc4f573e0 DEOPT UNPACKING pc=0x000001dcae20ace3 sp=0x00000027e2bfd9f8 mode 0
Event: 21575.755 Thread 0x000001dcc4f57d80 Uncommon trap: trap_request=0xffffff45 fr.pc=0x000001dcaf12072c relative=0x000000000000188c
Event: 21575.755 Thread 0x000001dcc4f57d80 Uncommon trap: reason=unstable_if action=reinterpret pc=0x000001dcaf12072c method=ch.qos.logback.classic.spi.PackagingDataCalculator.populateFrames([Lch/qos/logback/classic/spi/StackTraceElementProxy;)V @ 61 c2
Event: 21575.755 Thread 0x000001dcc4f57d80 DEOPT PACKING pc=0x000001dcaf12072c sp=0x00000027e31fdd30
Event: 21575.755 Thread 0x000001dcc4f57d80 DEOPT UNPACKING pc=0x000001dcae20a1a3 sp=0x00000027e31fdcc8 mode 2
Event: 21587.002 Thread 0x000001dcc4f57d80 Uncommon trap: trap_request=0xffffff45 fr.pc=0x000001dcaf16f47c relative=0x0000000000000c5c
Event: 21587.002 Thread 0x000001dcc4f57d80 Uncommon trap: reason=unstable_if action=reinterpret pc=0x000001dcaf16f47c method=org.apache.coyote.http11.Http11InputBuffer.recycle()V @ 19 c2
Event: 21587.002 Thread 0x000001dcc4f57d80 DEOPT PACKING pc=0x000001dcaf16f47c sp=0x00000027e31fee00
Event: 21587.002 Thread 0x000001dcc4f57d80 DEOPT UNPACKING pc=0x000001dcae20a1a3 sp=0x00000027e31fed10 mode 2

Classes unloaded (20 events):
Event: 2212.307 Thread 0x000001dcbcafaaa0 Unloading class 0x0000000100194000 'java/lang/invoke/LambdaForm$MH+0x0000000100194000'
Event: 2212.307 Thread 0x000001dcbcafaaa0 Unloading class 0x0000000100099400 'java/lang/invoke/LambdaForm$MH+0x0000000100099400'
Event: 2212.307 Thread 0x000001dcbcafaaa0 Unloading class 0x0000000100099000 'java/lang/invoke/LambdaForm$MH+0x0000000100099000'
Event: 2212.307 Thread 0x000001dcbcafaaa0 Unloading class 0x0000000100098c00 'java/lang/invoke/LambdaForm$MH+0x0000000100098c00'
Event: 2212.307 Thread 0x000001dcbcafaaa0 Unloading class 0x0000000100098800 'java/lang/invoke/LambdaForm$MH+0x0000000100098800'
Event: 2212.307 Thread 0x000001dcbcafaaa0 Unloading class 0x0000000100098400 'java/lang/invoke/LambdaForm$MH+0x0000000100098400'
Event: 2212.307 Thread 0x000001dcbcafaaa0 Unloading class 0x0000000100098000 'java/lang/invoke/LambdaForm$MH+0x0000000100098000'
Event: 2212.307 Thread 0x000001dcbcafaaa0 Unloading class 0x0000000100089000 'java/lang/invoke/LambdaForm$MH+0x0000000100089000'
Event: 2212.307 Thread 0x000001dcbcafaaa0 Unloading class 0x0000000100088800 'java/lang/invoke/LambdaForm$MH+0x0000000100088800'
Event: 2212.307 Thread 0x000001dcbcafaaa0 Unloading class 0x0000000100088000 'java/lang/invoke/LambdaForm$MH+0x0000000100088000'
Event: 2212.307 Thread 0x000001dcbcafaaa0 Unloading class 0x0000000100080800 'java/lang/invoke/LambdaForm$MH+0x0000000100080800'
Event: 10060.278 Thread 0x000001dcbcafaaa0 Unloading class 0x0000000100a03000 'jdk/internal/reflect/GeneratedConstructorAccessor46'
Event: 10060.278 Thread 0x000001dcbcafaaa0 Unloading class 0x0000000100a02c00 'jdk/internal/reflect/GeneratedConstructorAccessor45'
Event: 10060.278 Thread 0x000001dcbcafaaa0 Unloading class 0x0000000100948000 'jdk/internal/reflect/GeneratedConstructorAccessor38'
Event: 21074.512 Thread 0x000001dcbcafaaa0 Unloading class 0x0000000100a14800 'java/lang/invoke/LambdaForm$DMH+0x0000000100a14800'
Event: 21074.512 Thread 0x000001dcbcafaaa0 Unloading class 0x0000000100a14000 'java/lang/invoke/LambdaForm$DMH+0x0000000100a14000'
Event: 21074.512 Thread 0x000001dcbcafaaa0 Unloading class 0x0000000100a09400 'java/lang/invoke/LambdaForm$DMH+0x0000000100a09400'
Event: 21074.512 Thread 0x000001dcbcafaaa0 Unloading class 0x0000000100a09000 'java/lang/invoke/LambdaForm$DMH+0x0000000100a09000'
Event: 21074.512 Thread 0x000001dcbcafaaa0 Unloading class 0x0000000100a08c00 'java/lang/invoke/LambdaForm$DMH+0x0000000100a08c00'
Event: 21074.512 Thread 0x000001dcbcafaaa0 Unloading class 0x0000000100a08400 'java/lang/invoke/LambdaForm$DMH+0x0000000100a08400'

Classes redefined (0 events):
No events

Internal exceptions (20 events):
Event: 20698.438 Thread 0x000001dcc267c250 Exception <a 'java/io/IOException'{0x000000008711dd28}> (0x000000008711dd28) 
thrown [s\src\hotspot\share\prims\jni.cpp, line 516]
Event: 21062.992 Thread 0x000001dcc4f56a40 Implicit null exception at 0x000001dcaeac3a5e to 0x000001dcaeac49a0
Event: 21063.045 Thread 0x000001dcc4f54d60 Implicit null exception at 0x000001dcaea7b759 to 0x000001dcaea7b7dc
Event: 21063.309 Thread 0x000001dcc4f55700 Implicit null exception at 0x000001dcaeab774f to 0x000001dcaeab7910
Event: 21063.356 Thread 0x000001dcc4f55230 Exception <a 'java/lang/NoSuchMethodError'{0x00000000867d6e90}: 'void java.lang.invoke.DirectMethodHandle$Holder.invokeSpecial(java.lang.Object, java.lang.Object, java.lang.Object, java.lang.Object, java.lang.Object, java.lang.Object, java.lang.Object, java.lang.Object, java.lang.Object)'> (0x00000000867d6e90) 
thrown [s\src\hotspot\share\interpreter\linkResolver.cpp, line 759]
Event: 21063.357 Thread 0x000001dcc4f573e0 Exception <a 'java/lang/NoSuchMethodError'{0x0000000086619448}: 'void java.lang.invoke.DirectMethodHandle$Holder.invokeSpecial(java.lang.Object, java.lang.Object, java.lang.Object, java.lang.Object, java.lang.Object, java.lang.Object, java.lang.Object, java.lang.Object, java.lang.Object)'> (0x0000000086619448) 
thrown [s\src\hotspot\share\interpreter\linkResolver.cpp, line 759]
Event: 21063.356 Thread 0x000001dcc4f54d60 Exception <a 'java/lang/NoSuchMethodError'{0x000000008661a2d8}: 'void java.lang.invoke.DirectMethodHandle$Holder.invokeSpecial(java.lang.Object, java.lang.Object, java.lang.Object, java.lang.Object, java.lang.Object, java.lang.Object, java.lang.Object, java.lang.Object, java.lang.Object)'> (0x000000008661a2d8) 
thrown [s\src\hotspot\share\interpreter\linkResolver.cpp, line 759]
Event: 21063.358 Thread 0x000001dcc2fba270 Exception <a 'java/lang/NoSuchMethodError'{0x00000000866177d8}: 'void java.lang.invoke.DirectMethodHandle$Holder.invokeSpecial(java.lang.Object, java.lang.Object, java.lang.Object, java.lang.Object, java.lang.Object, java.lang.Object, java.lang.Object, java.lang.Object, java.lang.Object)'> (0x00000000866177d8) 
thrown [s\src\hotspot\share\interpreter\linkResolver.cpp, line 759]
Event: 21063.358 Thread 0x000001dcc4f55700 Exception <a 'java/lang/NoSuchMethodError'{0x000000008661c3b0}: 'void java.lang.invoke.DirectMethodHandle$Holder.invokeSpecial(java.lang.Object, java.lang.Object, java.lang.Object, java.lang.Object, java.lang.Object, java.lang.Object, java.lang.Object, java.lang.Object, java.lang.Object)'> (0x000000008661c3b0) 
thrown [s\src\hotspot\share\interpreter\linkResolver.cpp, line 759]
Event: 21063.360 Thread 0x000001dcc4f56f10 Exception <a 'java/lang/NoSuchMethodError'{0x00000000867dbbc8}: 'void java.lang.invoke.DirectMethodHandle$Holder.invokeSpecial(java.lang.Object, java.lang.Object, java.lang.Object, java.lang.Object, java.lang.Object, java.lang.Object, java.lang.Object, java.lang.Object, java.lang.Object)'> (0x00000000867dbbc8) 
thrown [s\src\hotspot\share\interpreter\linkResolver.cpp, line 759]
Event: 21063.363 Thread 0x000001dcc2fba270 Exception <a 'java/lang/NoSuchMethodError'{0x0000000086680bf8}: 'int java.lang.invoke.DirectMethodHandle$Holder.invokeStatic(java.lang.Object, java.lang.Object, int, int)'> (0x0000000086680bf8) 
thrown [s\src\hotspot\share\interpreter\linkResolver.cpp, line 759]
Event: 21063.363 Thread 0x000001dcc4f55230 Exception <a 'java/lang/NoSuchMethodError'{0x0000000086682758}: 'int java.lang.invoke.DirectMethodHandle$Holder.invokeStatic(java.lang.Object, java.lang.Object, int, int)'> (0x0000000086682758) 
thrown [s\src\hotspot\share\interpreter\linkResolver.cpp, line 759]
Event: 21063.652 Thread 0x000001dcc4f573e0 Exception <a 'java/lang/reflect/InvocationTargetException'{0x000000008b426390}> (0x000000008b426390) 
thrown [s\src\hotspot\share\runtime\reflection.cpp, line 1121]
Event: 21063.671 Thread 0x000001dcc4f55700 Exception <a 'java/lang/reflect/InvocationTargetException'{0x000000008b459ee0}> (0x000000008b459ee0) 
thrown [s\src\hotspot\share\runtime\reflection.cpp, line 1121]
Event: 21063.695 Thread 0x000001dcc2fb98d0 Exception <a 'java/lang/reflect/InvocationTargetException'{0x000000008b4cccf0}> (0x000000008b4cccf0) 
thrown [s\src\hotspot\share\runtime\reflection.cpp, line 1121]
Event: 21063.696 Thread 0x000001dcc4f56a40 Exception <a 'java/lang/reflect/InvocationTargetException'{0x000000008b4d5428}> (0x000000008b4d5428) 
thrown [s\src\hotspot\share\runtime\reflection.cpp, line 1121]
Event: 21063.785 Thread 0x000001dcc4f55230 Exception <a 'java/lang/reflect/InvocationTargetException'{0x000000008b357660}> (0x000000008b357660) 
thrown [s\src\hotspot\share\runtime\reflection.cpp, line 1121]
Event: 21063.788 Thread 0x000001dcc4f54d60 Exception <a 'java/lang/reflect/InvocationTargetException'{0x000000008b3632f0}> (0x000000008b3632f0) 
thrown [s\src\hotspot\share\runtime\reflection.cpp, line 1121]
Event: 21063.926 Thread 0x000001dcc2fba270 Exception <a 'java/lang/reflect/InvocationTargetException'{0x000000008b2f20a0}> (0x000000008b2f20a0) 
thrown [s\src\hotspot\share\runtime\reflection.cpp, line 1121]
Event: 21587.002 Thread 0x000001dcc4f57d80 Exception <a 'java/io/IOException'{0x0000000086b14000}> (0x0000000086b14000) 
thrown [s\src\hotspot\share\prims\jni.cpp, line 516]

VM Operations (20 events):
Event: 21581.240 Executing VM operation: G1Concurrent
Event: 21581.246 Executing VM operation: G1Concurrent done
Event: 21581.272 Executing VM operation: G1Concurrent
Event: 21581.272 Executing VM operation: G1Concurrent done
Event: 21582.276 Executing VM operation: Cleanup
Event: 21582.276 Executing VM operation: Cleanup done
Event: 21583.094 Executing VM operation: G1CollectForAllocation
Event: 21583.096 Executing VM operation: G1CollectForAllocation done
Event: 21584.100 Executing VM operation: Cleanup
Event: 21584.100 Executing VM operation: Cleanup done
Event: 21585.160 Executing VM operation: G1CollectForAllocation
Event: 21585.163 Executing VM operation: G1CollectForAllocation done
Event: 21585.215 Executing VM operation: G1Concurrent
Event: 21585.224 Executing VM operation: G1Concurrent done
Event: 21585.251 Executing VM operation: G1Concurrent
Event: 21585.251 Executing VM operation: G1Concurrent done
Event: 21587.254 Executing VM operation: Cleanup
Event: 21587.254 Executing VM operation: Cleanup done
Event: 21587.745 Executing VM operation: G1CollectForAllocation
Event: 21587.746 Executing VM operation: G1CollectForAllocation done

Events (20 events):
Event: 21587.756 loading class jdk/internal/reflect/GeneratedMethodAccessor129
Event: 21587.756 loading class jdk/internal/reflect/GeneratedMethodAccessor129 done
Event: 21587.757 loading class jdk/internal/reflect/GeneratedMethodAccessor129
Event: 21587.757 loading class jdk/internal/reflect/GeneratedMethodAccessor129 done
Event: 21587.826 loading class jdk/internal/reflect/GeneratedMethodAccessor129
Event: 21587.826 loading class jdk/internal/reflect/GeneratedMethodAccessor129 done
Event: 21587.827 loading class jdk/internal/reflect/GeneratedMethodAccessor129
Event: 21587.827 loading class jdk/internal/reflect/GeneratedMethodAccessor129 done
Event: 21587.847 loading class jdk/internal/reflect/GeneratedMethodAccessor129
Event: 21587.847 loading class jdk/internal/reflect/GeneratedMethodAccessor129 done
Event: 21587.847 loading class jdk/internal/reflect/GeneratedMethodAccessor129
Event: 21587.847 loading class jdk/internal/reflect/GeneratedMethodAccessor129 done
Event: 21587.926 loading class jdk/internal/reflect/GeneratedMethodAccessor129
Event: 21587.926 loading class jdk/internal/reflect/GeneratedMethodAccessor129 done
Event: 21587.927 loading class jdk/internal/reflect/GeneratedMethodAccessor129
Event: 21587.927 loading class jdk/internal/reflect/GeneratedMethodAccessor129 done
Event: 21587.968 loading class jdk/internal/reflect/GeneratedMethodAccessor129
Event: 21587.968 loading class jdk/internal/reflect/GeneratedMethodAccessor129 done
Event: 21587.969 loading class jdk/internal/reflect/GeneratedMethodAccessor129
Event: 21587.969 loading class jdk/internal/reflect/GeneratedMethodAccessor129 done


Dynamic libraries:
0x00007ff781960000 - 0x00007ff78196e000 	C:\Users\masre\.vscode\extensions\redhat.java-1.20.0-win32-x64\jre\17.0.7-win32-x86_64\bin\java.exe
0x00007fff66ca0000 - 0x00007fff66ea9000 	C:\WINDOWS\SYSTEM32\ntdll.dll
0x00007fff65910000 - 0x00007fff659ce000 	C:\WINDOWS\System32\KERNEL32.DLL
0x00007fff64150000 - 0x00007fff644d4000 	C:\WINDOWS\System32\KERNELBASE.dll
0x00007fff64690000 - 0x00007fff647a1000 	C:\WINDOWS\System32\ucrtbase.dll
0x00007fff59bc0000 - 0x00007fff59bd7000 	C:\Users\masre\.vscode\extensions\redhat.java-1.20.0-win32-x64\jre\17.0.7-win32-x86_64\bin\jli.dll
0x00007fff652f0000 - 0x00007fff6549d000 	C:\WINDOWS\System32\USER32.dll
0x00007fff64970000 - 0x00007fff64996000 	C:\WINDOWS\System32\win32u.dll
0x00007fff65cb0000 - 0x00007fff65cda000 	C:\WINDOWS\System32\GDI32.dll
0x00007fff647b0000 - 0x00007fff648cf000 	C:\WINDOWS\System32\gdi32full.dll
0x00007fff648d0000 - 0x00007fff6496d000 	C:\WINDOWS\System32\msvcp_win.dll
0x00007fff50230000 - 0x00007fff50249000 	C:\Users\masre\.vscode\extensions\redhat.java-1.20.0-win32-x64\jre\17.0.7-win32-x86_64\bin\VCRUNTIME140.dll
0x00007fff483a0000 - 0x00007fff48645000 	C:\WINDOWS\WinSxS\amd64_microsoft.windows.common-controls_6595b64144ccf1df_6.0.22000.120_none_9d947278b86cc467\COMCTL32.dll
0x00007fff664b0000 - 0x00007fff66553000 	C:\WINDOWS\System32\msvcrt.dll
0x00007fff66b30000 - 0x00007fff66b61000 	C:\WINDOWS\System32\IMM32.DLL
0x00007fff5cd80000 - 0x00007fff5cd8c000 	C:\Users\masre\.vscode\extensions\redhat.java-1.20.0-win32-x64\jre\17.0.7-win32-x86_64\bin\vcruntime140_1.dll
0x00007fff437b0000 - 0x00007fff43841000 	C:\Users\masre\.vscode\extensions\redhat.java-1.20.0-win32-x64\jre\17.0.7-win32-x86_64\bin\msvcp140.dll
0x00007fff23510000 - 0x00007fff24158000 	C:\Users\masre\.vscode\extensions\redhat.java-1.20.0-win32-x64\jre\17.0.7-win32-x86_64\bin\server\jvm.dll
0x00007fff66a60000 - 0x00007fff66b0f000 	C:\WINDOWS\System32\ADVAPI32.dll
0x00007fff651e0000 - 0x00007fff6527e000 	C:\WINDOWS\System32\sechost.dll
0x00007fff64bf0000 - 0x00007fff64d11000 	C:\WINDOWS\System32\RPCRT4.dll
0x00007fff59b90000 - 0x00007fff59b99000 	C:\WINDOWS\SYSTEM32\WSOCK32.dll
0x00007fff66b70000 - 0x00007fff66bdf000 	C:\WINDOWS\System32\WS2_32.dll
0x00007fff5e6a0000 - 0x00007fff5e6d3000 	C:\WINDOWS\SYSTEM32\WINMM.dll
0x00007fff5e6e0000 - 0x00007fff5e6ea000 	C:\WINDOWS\SYSTEM32\VERSION.dll
0x00007fff63190000 - 0x00007fff631a8000 	C:\WINDOWS\SYSTEM32\kernel.appcore.dll
0x00007fff5b7b0000 - 0x00007fff5b7ba000 	C:\Users\masre\.vscode\extensions\redhat.java-1.20.0-win32-x64\jre\17.0.7-win32-x86_64\bin\jimage.dll
0x00007fff61bc0000 - 0x00007fff61de1000 	C:\WINDOWS\SYSTEM32\DBGHELP.DLL
0x00007fff5c390000 - 0x00007fff5c3c1000 	C:\WINDOWS\SYSTEM32\dbgcore.DLL
0x00007fff64550000 - 0x00007fff645cf000 	C:\WINDOWS\System32\bcryptPrimitives.dll
0x00007fff4ffe0000 - 0x00007fff50005000 	C:\Users\masre\.vscode\extensions\redhat.java-1.20.0-win32-x64\jre\17.0.7-win32-x86_64\bin\java.dll
0x00007fff50210000 - 0x00007fff50228000 	C:\Users\masre\.vscode\extensions\redhat.java-1.20.0-win32-x64\jre\17.0.7-win32-x86_64\bin\zip.dll
0x00007fff65ce0000 - 0x00007fff664a5000 	C:\WINDOWS\System32\SHELL32.dll
0x00007fff621f0000 - 0x00007fff62a54000 	C:\WINDOWS\SYSTEM32\windows.storage.dll
0x00007fff64d90000 - 0x00007fff65106000 	C:\WINDOWS\System32\combase.dll
0x00007fff62080000 - 0x00007fff621e7000 	C:\WINDOWS\SYSTEM32\wintypes.dll
0x00007fff65660000 - 0x00007fff6574a000 	C:\WINDOWS\System32\SHCORE.dll
0x00007fff65510000 - 0x00007fff6556d000 	C:\WINDOWS\System32\shlwapi.dll
0x00007fff64080000 - 0x00007fff640a1000 	C:\WINDOWS\SYSTEM32\profapi.dll
0x00007fff50140000 - 0x00007fff50159000 	C:\Users\masre\.vscode\extensions\redhat.java-1.20.0-win32-x64\jre\17.0.7-win32-x86_64\bin\net.dll
0x00007fff5e150000 - 0x00007fff5e263000 	C:\WINDOWS\SYSTEM32\WINHTTP.dll
0x00007fff63620000 - 0x00007fff63687000 	C:\WINDOWS\system32\mswsock.dll
0x00007fff4ffc0000 - 0x00007fff4ffd5000 	C:\Users\masre\.vscode\extensions\redhat.java-1.20.0-win32-x64\jre\17.0.7-win32-x86_64\bin\nio.dll
0x00007fff59ea0000 - 0x00007fff59ea9000 	C:\Users\masre\.vscode\extensions\redhat.java-1.20.0-win32-x64\jre\17.0.7-win32-x86_64\bin\management.dll
0x00007fff59450000 - 0x00007fff5945b000 	C:\Users\masre\.vscode\extensions\redhat.java-1.20.0-win32-x64\jre\17.0.7-win32-x86_64\bin\management_ext.dll
0x00007fff65ca0000 - 0x00007fff65ca8000 	C:\WINDOWS\System32\PSAPI.DLL
0x00007fff638b0000 - 0x00007fff638c8000 	C:\WINDOWS\SYSTEM32\CRYPTSP.dll
0x00007fff630f0000 - 0x00007fff63125000 	C:\WINDOWS\system32\rsaenh.dll
0x00007fff636c0000 - 0x00007fff636e9000 	C:\WINDOWS\SYSTEM32\USERENV.dll
0x00007fff63a40000 - 0x00007fff63a67000 	C:\WINDOWS\SYSTEM32\bcrypt.dll
0x00007fff63810000 - 0x00007fff6381c000 	C:\WINDOWS\SYSTEM32\CRYPTBASE.dll
0x00007fff62cb0000 - 0x00007fff62cdd000 	C:\WINDOWS\SYSTEM32\IPHLPAPI.DLL
0x00007fff654a0000 - 0x00007fff654a9000 	C:\WINDOWS\System32\NSI.dll
0x00007fff5dba0000 - 0x00007fff5dbb9000 	C:\WINDOWS\SYSTEM32\dhcpcsvc6.DLL
0x00007fff5ead0000 - 0x00007fff5eaee000 	C:\WINDOWS\SYSTEM32\dhcpcsvc.DLL
0x00007fff62d20000 - 0x00007fff62e08000 	C:\WINDOWS\SYSTEM32\DNSAPI.dll
0x00007fff52960000 - 0x00007fff5296e000 	C:\Users\masre\.vscode\extensions\redhat.java-1.20.0-win32-x64\jre\17.0.7-win32-x86_64\bin\sunmscapi.dll
0x00007fff649a0000 - 0x00007fff64b0a000 	C:\WINDOWS\System32\CRYPT32.dll
0x00007fff63a10000 - 0x00007fff63a3a000 	C:\WINDOWS\SYSTEM32\ncrypt.dll
0x00007fff639b0000 - 0x00007fff639e7000 	C:\WINDOWS\SYSTEM32\NTASN1.dll
0x00007fff5a170000 - 0x00007fff5a180000 	C:\Users\masre\.vscode\extensions\redhat.java-1.20.0-win32-x64\jre\17.0.7-win32-x86_64\bin\verify.dll
0x00007fff57990000 - 0x00007fff5799a000 	C:\Windows\System32\rasadhlp.dll
0x00007fff5bad0000 - 0x00007fff5bb52000 	C:\WINDOWS\System32\fwpuclnt.dll
0x00007fff60230000 - 0x00007fff60238000 	C:\WINDOWS\system32\wshunix.dll

dbghelp: loaded successfully - version: 4.0.5 - missing functions: none
symbol engine: initialized successfully - sym options: 0x614 - pdb path: .;C:\Users\masre\.vscode\extensions\redhat.java-1.20.0-win32-x64\jre\17.0.7-win32-x86_64\bin;C:\WINDOWS\SYSTEM32;C:\WINDOWS\WinSxS\amd64_microsoft.windows.common-controls_6595b64144ccf1df_6.0.22000.120_none_9d947278b86cc467;C:\Users\masre\.vscode\extensions\redhat.java-1.20.0-win32-x64\jre\17.0.7-win32-x86_64\bin\server

VM Arguments:
jvm_args: -XX:+ShowCodeDetailsInExceptionMessages 
java_command: com.yosephco.schoolapp.SchoolappApplication
java_class_path (initial): C:\Users\masre\Desktop\JavaSchoolApp\schoolapp\target\classes;C:\Users\masre\.m2\repository\org\springframework\boot\spring-boot-starter-data-jpa\3.1.0\spring-boot-starter-data-jpa-3.1.0.jar;C:\Users\masre\.m2\repository\org\springframework\boot\spring-boot-starter-aop\3.1.0\spring-boot-starter-aop-3.1.0.jar;C:\Users\masre\.m2\repository\org\springframework\spring-aop\6.0.9\spring-aop-6.0.9.jar;C:\Users\masre\.m2\repository\org\aspectj\aspectjweaver\1.9.19\aspectjweaver-1.9.19.jar;C:\Users\masre\.m2\repository\org\springframework\boot\spring-boot-starter-jdbc\3.1.0\spring-boot-starter-jdbc-3.1.0.jar;C:\Users\masre\.m2\repository\com\zaxxer\HikariCP\5.0.1\HikariCP-5.0.1.jar;C:\Users\masre\.m2\repository\org\springframework\spring-jdbc\6.0.9\spring-jdbc-6.0.9.jar;C:\Users\masre\.m2\repository\org\hibernate\orm\hibernate-core\6.2.2.Final\hibernate-core-6.2.2.Final.jar;C:\Users\masre\.m2\repository\jakarta\persistence\jakarta.persistence-api\3.1.0\jakarta.persistence-api-3.1.0.jar;C:\Users\masre\.m2\repository\jakarta\transaction\jakarta.transaction-api\2.0.1\jakarta.transaction-api-2.0.1.jar;C:\Users\masre\.m2\repository\org\jboss\logging\jboss-logging\3.5.0.Final\jboss-logging-3.5.0.Final.jar;C:\Users\masre\.m2\repository\org\hibernate\common\hibernate-commons-annotations\6.0.6.Final\hibernate-commons-annotations-6.0.6.Final.jar;C:\Users\masre\.m2\repository\io\smallrye\jandex\3.0.5\jandex-3.0.5.jar;C:\Users\masre\.m2\repository\com\fasterxml\classmate\1.5.1\classmate-1.5.1.jar;C:\Users\masre\.m2\repository\net\bytebuddy\byte-buddy\1.14.4\byte-buddy-1.14.4.jar;C:\Users\masre\.m2\repository\org\glassfish\jaxb\jaxb-runtime\4.0.2\jaxb-runtime-4.0.2.jar;C:\Users\masre\.m2\repository\org\glassfish\jaxb\jaxb-core\4.0.2\jaxb-core-4.0.2.jar;C:\Users\masre\.m2\repository\org\eclipse\angus\angus-activation\2.0.0\angus-activation-2.0.0.jar;C:\Users\masre\.m2\repository\org\glassfish\jaxb\txw2\4.0.2\txw2-4.0.2.jar;C:\Users\masre\.m2\repository\com\sun
Launcher Type: SUN_STANDARD

[Global flags]
     intx CICompilerCount                          = 3                                         {product} {ergonomic}
     uint ConcGCThreads                            = 1                                         {product} {ergonomic}
     uint G1ConcRefinementThreads                  = 4                                         {product} {ergonomic}
   size_t G1HeapRegionSize                         = 1048576                                   {product} {ergonomic}
    uintx GCDrainStackTargetSize                   = 64                                        {product} {ergonomic}
   size_t InitialHeapSize                          = 130023424                                 {product} {ergonomic}
   size_t MarkStackSize                            = 4194304                                   {product} {ergonomic}
   size_t MaxHeapSize                              = 2080374784                                {product} {ergonomic}
   size_t MaxNewSize                               = 1247805440                                {product} {ergonomic}
   size_t MinHeapDeltaBytes                        = 1048576                                   {product} {ergonomic}
   size_t MinHeapSize                              = 8388608                                   {product} {ergonomic}
    uintx NonNMethodCodeHeapSize                   = 5832780                                {pd product} {ergonomic}
    uintx NonProfiledCodeHeapSize                  = 122912730                              {pd product} {ergonomic}
    uintx ProfiledCodeHeapSize                     = 122912730                              {pd product} {ergonomic}
    uintx ReservedCodeCacheSize                    = 251658240                              {pd product} {ergonomic}
     bool SegmentedCodeCache                       = true                                      {product} {ergonomic}
     bool ShowCodeDetailsInExceptionMessages       = true                                   {manageable} {command line}
   size_t SoftMaxHeapSize                          = 2080374784                             {manageable} {ergonomic}
     bool UseCompressedClassPointers               = true                           {product lp64_product} {ergonomic}
     bool UseCompressedOops                        = true                           {product lp64_product} {ergonomic}
     bool UseG1GC                                  = true                                      {product} {ergonomic}
     bool UseLargePagesIndividualAllocation        = false                                  {pd product} {ergonomic}

Logging:
Log output configuration:
 #0: stdout all=warning uptime,level,tags
 #1: stderr all=off uptime,level,tags

Environment Variables:
JAVA_HOME=C:\Users\masre\AppData\Local\Programs\AdoptOpenJDK\jdk-11.0.9.101-hotspot\
PATH=C:\Program Files\Common Files\Oracle\Java\javapath;C:\Program Files\Eclipse Adoptium\jdk-17.0.7.7-hotspot\bin;C:\ProgramData\Oracle\Java\javapath;C:\Python39\Scripts\;C:\Python39\;C:\Program Files (x86)\Embarcadero\Studio\20.0\bin;C:\Users\Public\Documents\Embarcadero\Studio\20.0\Bpl;C:\Program Files (x86)\Embarcadero\Studio\20.0\bin64;C:\Users\Public\Documents\Embarcadero\Studio\20.0\Bpl\Win64;C:\WINDOWS\system32;C:\WINDOWS;C:\WINDOWS\System32\Wbem;C:\WINDOWS\System32\WindowsPowerShell\v1.0\;C:\WINDOWS\System32\OpenSSH\;C:\Program Files\Git\cmd;C:\Program Files\Microsoft SQL Server\130\Tools\Binn\;C:\Program Files\Microsoft SQL Server\Client SDK\ODBC\170\Tools\Binn\;C:\ProgramData\chocolatey\bin;C:\Program Files\dotnet\;C:\Program Files (x86)\IncrediBuild;C:\Program Files (x86)\dotnet\;C:\Program Files\MATLAB\R2022b\bin;C:\Program Files\nodejs\;C:\Program Files\MySQL\MySQL Shell 8.0\bin\;C:\Users\masre\.cargo\bin;C:\Users\masre\AppData\Local\Programs\AdoptOpenJDK\jdk-11.0.9.101-hotspot\bin;C:\Users\masre\AppData\Local\Microsoft\WindowsApps;C:\Users\masre\AppData\Local\GitHubDesktop\bin;C:\src\flutter\bin;C:\Users\masre\AppData\Local\Programs\Microsoft VS Code\bin;C:\Users\masre\.dotnet\tools;C:\Users\masre\AppData\Local\atom\bin;C:\Users\masre\.dotnet\tools;C:\Users\masre\AppData\Local\Microsoft\WindowsApps;C:\MinGW\bin;C:\Users\masre\AppData\Roaming\npm
USERNAME=YosephMas
LANG=en_US.UTF-8
OS=Windows_NT
PROCESSOR_IDENTIFIER=Intel64 Family 6 Model 126 Stepping 5, GenuineIntel
TMP=C:\Users\masre\AppData\Local\Temp
TEMP=C:\Users\masre\AppData\Local\Temp



---------------  S Y S T E M  ---------------

OS:
 Windows 11 , 64 bit Build 22000 (10.0.22000.1880)
OS uptime: 5 days 3:26 hours
Hyper-V role detected

CPU: total 4 (initial active 4) (2 cores per cpu, 2 threads per core) family 6 model 126 stepping 5 microcode 0xa8, cx8, cmov, fxsr, ht, mmx, 3dnowpref, sse, sse2, sse3, ssse3, sse4.1, sse4.2, popcnt, lzcnt, tsc, tscinvbit, avx, avx2, aes, erms, clmul, bmi1, bmi2, adx, avx512f, avx512dq, avx512cd, avx512bw, avx512vl, sha, fma, vzeroupper, avx512_vpopcntdq, avx512_vpclmulqdq, avx512_vaes, avx512_vnni, clflush, clflushopt, avx512_vbmi2, avx512_vbmi, hv

Memory: 4k page, system-wide physical 7934M (669M free)
TotalPageFile size 22934M (AvailPageFile size 78M)
current process WorkingSet (physical memory assigned to process): 250M, peak: 266M
current process commit charge ("private bytes"): 307M, peak: 310M

vm_info: OpenJDK 64-Bit Server VM (17.0.7+7) for windows-amd64 JRE (17.0.7+7), built on Apr 18 2023 22:10:42 by "temurin" with MS VC++ 16.7 (VS2019)

END.
